<?xml version="1.0" encoding="UTF-8"?>
<!-- Generated by org.testng.reporters.JUnitReportReporter -->
<testsuite hostname="DESKTOP-KKJM9PC" failures="0" tests="1" name="mantis.tests.LoginTest" time="3.801" errors="0" timestamp="2024-07-15T18:57:09 BRT" skipped="0">
  <testcase classname="mantis.tests.LoginTest" name="testLogin" time="3.801"/>
</testsuite> <!-- mantis.tests.LoginTest -->
